[2024-12-20T18:44:05.763+0000] {processor.py:157} INFO - Started process (PID=26) to work on /opt/airflow/dags/analytics_tables_dag.py
[2024-12-20T18:44:05.765+0000] {processor.py:829} INFO - Processing file /opt/airflow/dags/analytics_tables_dag.py for tasks to queue
[2024-12-20T18:44:05.766+0000] {logging_mixin.py:154} INFO - [2024-12-20T18:44:05.766+0000] {dagbag.py:536} INFO - Filling up the DagBag from /opt/airflow/dags/analytics_tables_dag.py
[2024-12-20T18:44:05.812+0000] {processor.py:839} INFO - DAG(s) dict_keys(['create_analytics_tables']) retrieved from /opt/airflow/dags/analytics_tables_dag.py
[2024-12-20T18:44:06.194+0000] {logging_mixin.py:154} INFO - [2024-12-20T18:44:06.194+0000] {manager.py:499} INFO - Created Permission View: %s
[2024-12-20T18:44:06.211+0000] {logging_mixin.py:154} INFO - [2024-12-20T18:44:06.210+0000] {manager.py:499} INFO - Created Permission View: %s
[2024-12-20T18:44:06.221+0000] {logging_mixin.py:154} INFO - [2024-12-20T18:44:06.221+0000] {manager.py:499} INFO - Created Permission View: %s
[2024-12-20T18:44:06.221+0000] {logging_mixin.py:154} INFO - [2024-12-20T18:44:06.221+0000] {dag.py:2941} INFO - Sync 1 DAGs
[2024-12-20T18:44:06.240+0000] {logging_mixin.py:154} INFO - [2024-12-20T18:44:06.240+0000] {dag.py:2963} INFO - Creating ORM DAG for create_analytics_tables
[2024-12-20T18:44:06.263+0000] {logging_mixin.py:154} INFO - [2024-12-20T18:44:06.262+0000] {dag.py:3722} INFO - Setting next_dagrun for create_analytics_tables to 2024-12-19T00:00:00+00:00, run_after=2024-12-20T00:00:00+00:00
[2024-12-20T18:44:06.291+0000] {processor.py:179} INFO - Processing /opt/airflow/dags/analytics_tables_dag.py took 0.537 seconds
[2024-12-20T18:44:37.136+0000] {processor.py:157} INFO - Started process (PID=29) to work on /opt/airflow/dags/analytics_tables_dag.py
[2024-12-20T18:44:37.138+0000] {processor.py:829} INFO - Processing file /opt/airflow/dags/analytics_tables_dag.py for tasks to queue
[2024-12-20T18:44:37.141+0000] {logging_mixin.py:154} INFO - [2024-12-20T18:44:37.139+0000] {dagbag.py:536} INFO - Filling up the DagBag from /opt/airflow/dags/analytics_tables_dag.py
[2024-12-20T18:44:37.191+0000] {processor.py:839} INFO - DAG(s) dict_keys(['create_analytics_tables']) retrieved from /opt/airflow/dags/analytics_tables_dag.py
[2024-12-20T18:44:37.301+0000] {logging_mixin.py:154} INFO - [2024-12-20T18:44:37.301+0000] {dag.py:2941} INFO - Sync 1 DAGs
[2024-12-20T18:44:37.395+0000] {logging_mixin.py:154} INFO - [2024-12-20T18:44:37.394+0000] {dag.py:3722} INFO - Setting next_dagrun for create_analytics_tables to 2024-12-19T00:00:00+00:00, run_after=2024-12-20T00:00:00+00:00
[2024-12-20T18:44:37.445+0000] {processor.py:179} INFO - Processing /opt/airflow/dags/analytics_tables_dag.py took 0.319 seconds
[2024-12-20T18:45:07.746+0000] {processor.py:157} INFO - Started process (PID=32) to work on /opt/airflow/dags/analytics_tables_dag.py
[2024-12-20T18:45:07.750+0000] {processor.py:829} INFO - Processing file /opt/airflow/dags/analytics_tables_dag.py for tasks to queue
[2024-12-20T18:45:07.753+0000] {logging_mixin.py:154} INFO - [2024-12-20T18:45:07.752+0000] {dagbag.py:536} INFO - Filling up the DagBag from /opt/airflow/dags/analytics_tables_dag.py
[2024-12-20T18:45:07.806+0000] {processor.py:839} INFO - DAG(s) dict_keys(['create_analytics_tables']) retrieved from /opt/airflow/dags/analytics_tables_dag.py
[2024-12-20T18:45:07.921+0000] {logging_mixin.py:154} INFO - [2024-12-20T18:45:07.920+0000] {dag.py:2941} INFO - Sync 1 DAGs
[2024-12-20T18:45:07.992+0000] {logging_mixin.py:154} INFO - [2024-12-20T18:45:07.991+0000] {dag.py:3722} INFO - Setting next_dagrun for create_analytics_tables to 2024-12-19T00:00:00+00:00, run_after=2024-12-20T00:00:00+00:00
[2024-12-20T18:45:08.039+0000] {processor.py:179} INFO - Processing /opt/airflow/dags/analytics_tables_dag.py took 0.309 seconds
[2024-12-20T18:45:38.152+0000] {processor.py:157} INFO - Started process (PID=35) to work on /opt/airflow/dags/analytics_tables_dag.py
[2024-12-20T18:45:38.154+0000] {processor.py:829} INFO - Processing file /opt/airflow/dags/analytics_tables_dag.py for tasks to queue
[2024-12-20T18:45:38.156+0000] {logging_mixin.py:154} INFO - [2024-12-20T18:45:38.155+0000] {dagbag.py:536} INFO - Filling up the DagBag from /opt/airflow/dags/analytics_tables_dag.py
[2024-12-20T18:45:38.217+0000] {processor.py:839} INFO - DAG(s) dict_keys(['create_analytics_tables']) retrieved from /opt/airflow/dags/analytics_tables_dag.py
[2024-12-20T18:45:38.329+0000] {logging_mixin.py:154} INFO - [2024-12-20T18:45:38.328+0000] {dag.py:2941} INFO - Sync 1 DAGs
[2024-12-20T18:45:38.377+0000] {logging_mixin.py:154} INFO - [2024-12-20T18:45:38.376+0000] {dag.py:3722} INFO - Setting next_dagrun for create_analytics_tables to 2024-12-19T00:00:00+00:00, run_after=2024-12-20T00:00:00+00:00
[2024-12-20T18:45:38.417+0000] {processor.py:179} INFO - Processing /opt/airflow/dags/analytics_tables_dag.py took 0.277 seconds
[2024-12-20T18:46:08.603+0000] {processor.py:157} INFO - Started process (PID=38) to work on /opt/airflow/dags/analytics_tables_dag.py
[2024-12-20T18:46:08.605+0000] {processor.py:829} INFO - Processing file /opt/airflow/dags/analytics_tables_dag.py for tasks to queue
[2024-12-20T18:46:08.607+0000] {logging_mixin.py:154} INFO - [2024-12-20T18:46:08.606+0000] {dagbag.py:536} INFO - Filling up the DagBag from /opt/airflow/dags/analytics_tables_dag.py
[2024-12-20T18:46:08.633+0000] {processor.py:839} INFO - DAG(s) dict_keys(['create_analytics_tables']) retrieved from /opt/airflow/dags/analytics_tables_dag.py
[2024-12-20T18:46:08.694+0000] {logging_mixin.py:154} INFO - [2024-12-20T18:46:08.693+0000] {dag.py:2941} INFO - Sync 1 DAGs
[2024-12-20T18:46:08.739+0000] {logging_mixin.py:154} INFO - [2024-12-20T18:46:08.739+0000] {dag.py:3722} INFO - Setting next_dagrun for create_analytics_tables to 2024-12-19T00:00:00+00:00, run_after=2024-12-20T00:00:00+00:00
[2024-12-20T18:46:08.775+0000] {processor.py:179} INFO - Processing /opt/airflow/dags/analytics_tables_dag.py took 0.179 seconds
[2024-12-20T18:46:38.958+0000] {processor.py:157} INFO - Started process (PID=41) to work on /opt/airflow/dags/analytics_tables_dag.py
[2024-12-20T18:46:38.959+0000] {processor.py:829} INFO - Processing file /opt/airflow/dags/analytics_tables_dag.py for tasks to queue
[2024-12-20T18:46:38.961+0000] {logging_mixin.py:154} INFO - [2024-12-20T18:46:38.960+0000] {dagbag.py:536} INFO - Filling up the DagBag from /opt/airflow/dags/analytics_tables_dag.py
[2024-12-20T18:46:38.986+0000] {processor.py:839} INFO - DAG(s) dict_keys(['create_analytics_tables']) retrieved from /opt/airflow/dags/analytics_tables_dag.py
[2024-12-20T18:46:39.045+0000] {logging_mixin.py:154} INFO - [2024-12-20T18:46:39.045+0000] {dag.py:2941} INFO - Sync 1 DAGs
[2024-12-20T18:46:39.087+0000] {logging_mixin.py:154} INFO - [2024-12-20T18:46:39.087+0000] {dag.py:3722} INFO - Setting next_dagrun for create_analytics_tables to 2024-12-19T00:00:00+00:00, run_after=2024-12-20T00:00:00+00:00
[2024-12-20T18:46:39.131+0000] {processor.py:179} INFO - Processing /opt/airflow/dags/analytics_tables_dag.py took 0.180 seconds
[2024-12-20T18:47:09.328+0000] {processor.py:157} INFO - Started process (PID=44) to work on /opt/airflow/dags/analytics_tables_dag.py
[2024-12-20T18:47:09.330+0000] {processor.py:829} INFO - Processing file /opt/airflow/dags/analytics_tables_dag.py for tasks to queue
[2024-12-20T18:47:09.331+0000] {logging_mixin.py:154} INFO - [2024-12-20T18:47:09.331+0000] {dagbag.py:536} INFO - Filling up the DagBag from /opt/airflow/dags/analytics_tables_dag.py
[2024-12-20T18:47:09.355+0000] {processor.py:839} INFO - DAG(s) dict_keys(['create_analytics_tables']) retrieved from /opt/airflow/dags/analytics_tables_dag.py
[2024-12-20T18:47:09.409+0000] {logging_mixin.py:154} INFO - [2024-12-20T18:47:09.409+0000] {dag.py:2941} INFO - Sync 1 DAGs
[2024-12-20T18:47:09.461+0000] {logging_mixin.py:154} INFO - [2024-12-20T18:47:09.460+0000] {dag.py:3722} INFO - Setting next_dagrun for create_analytics_tables to 2024-12-19T00:00:00+00:00, run_after=2024-12-20T00:00:00+00:00
[2024-12-20T18:47:09.500+0000] {processor.py:179} INFO - Processing /opt/airflow/dags/analytics_tables_dag.py took 0.179 seconds
[2024-12-20T18:47:39.707+0000] {processor.py:157} INFO - Started process (PID=47) to work on /opt/airflow/dags/analytics_tables_dag.py
[2024-12-20T18:47:39.708+0000] {processor.py:829} INFO - Processing file /opt/airflow/dags/analytics_tables_dag.py for tasks to queue
[2024-12-20T18:47:39.710+0000] {logging_mixin.py:154} INFO - [2024-12-20T18:47:39.710+0000] {dagbag.py:536} INFO - Filling up the DagBag from /opt/airflow/dags/analytics_tables_dag.py
[2024-12-20T18:47:39.744+0000] {processor.py:839} INFO - DAG(s) dict_keys(['create_analytics_tables']) retrieved from /opt/airflow/dags/analytics_tables_dag.py
[2024-12-20T18:47:39.811+0000] {logging_mixin.py:154} INFO - [2024-12-20T18:47:39.810+0000] {dag.py:2941} INFO - Sync 1 DAGs
[2024-12-20T18:47:39.859+0000] {logging_mixin.py:154} INFO - [2024-12-20T18:47:39.858+0000] {dag.py:3722} INFO - Setting next_dagrun for create_analytics_tables to 2024-12-19T00:00:00+00:00, run_after=2024-12-20T00:00:00+00:00
[2024-12-20T18:47:39.893+0000] {processor.py:179} INFO - Processing /opt/airflow/dags/analytics_tables_dag.py took 0.196 seconds
[2024-12-20T18:48:10.902+0000] {processor.py:157} INFO - Started process (PID=50) to work on /opt/airflow/dags/analytics_tables_dag.py
[2024-12-20T18:48:10.904+0000] {processor.py:829} INFO - Processing file /opt/airflow/dags/analytics_tables_dag.py for tasks to queue
[2024-12-20T18:48:10.906+0000] {logging_mixin.py:154} INFO - [2024-12-20T18:48:10.905+0000] {dagbag.py:536} INFO - Filling up the DagBag from /opt/airflow/dags/analytics_tables_dag.py
[2024-12-20T18:48:10.934+0000] {processor.py:839} INFO - DAG(s) dict_keys(['create_analytics_tables']) retrieved from /opt/airflow/dags/analytics_tables_dag.py
[2024-12-20T18:48:10.996+0000] {logging_mixin.py:154} INFO - [2024-12-20T18:48:10.995+0000] {dag.py:2941} INFO - Sync 1 DAGs
[2024-12-20T18:48:11.038+0000] {logging_mixin.py:154} INFO - [2024-12-20T18:48:11.038+0000] {dag.py:3722} INFO - Setting next_dagrun for create_analytics_tables to 2024-12-19T00:00:00+00:00, run_after=2024-12-20T00:00:00+00:00
[2024-12-20T18:48:11.069+0000] {processor.py:179} INFO - Processing /opt/airflow/dags/analytics_tables_dag.py took 0.172 seconds
[2024-12-20T18:48:41.261+0000] {processor.py:157} INFO - Started process (PID=53) to work on /opt/airflow/dags/analytics_tables_dag.py
[2024-12-20T18:48:41.263+0000] {processor.py:829} INFO - Processing file /opt/airflow/dags/analytics_tables_dag.py for tasks to queue
[2024-12-20T18:48:41.264+0000] {logging_mixin.py:154} INFO - [2024-12-20T18:48:41.264+0000] {dagbag.py:536} INFO - Filling up the DagBag from /opt/airflow/dags/analytics_tables_dag.py
[2024-12-20T18:48:41.295+0000] {processor.py:839} INFO - DAG(s) dict_keys(['create_analytics_tables']) retrieved from /opt/airflow/dags/analytics_tables_dag.py
[2024-12-20T18:48:41.361+0000] {logging_mixin.py:154} INFO - [2024-12-20T18:48:41.360+0000] {dag.py:2941} INFO - Sync 1 DAGs
[2024-12-20T18:48:41.403+0000] {logging_mixin.py:154} INFO - [2024-12-20T18:48:41.402+0000] {dag.py:3722} INFO - Setting next_dagrun for create_analytics_tables to 2024-12-19T00:00:00+00:00, run_after=2024-12-20T00:00:00+00:00
[2024-12-20T18:48:41.444+0000] {processor.py:179} INFO - Processing /opt/airflow/dags/analytics_tables_dag.py took 0.191 seconds
[2024-12-20T18:49:11.678+0000] {processor.py:157} INFO - Started process (PID=57) to work on /opt/airflow/dags/analytics_tables_dag.py
[2024-12-20T18:49:11.681+0000] {processor.py:829} INFO - Processing file /opt/airflow/dags/analytics_tables_dag.py for tasks to queue
[2024-12-20T18:49:11.683+0000] {logging_mixin.py:154} INFO - [2024-12-20T18:49:11.682+0000] {dagbag.py:536} INFO - Filling up the DagBag from /opt/airflow/dags/analytics_tables_dag.py
[2024-12-20T18:49:11.720+0000] {processor.py:839} INFO - DAG(s) dict_keys(['create_analytics_tables']) retrieved from /opt/airflow/dags/analytics_tables_dag.py
[2024-12-20T18:49:11.786+0000] {logging_mixin.py:154} INFO - [2024-12-20T18:49:11.786+0000] {dag.py:2941} INFO - Sync 1 DAGs
[2024-12-20T18:49:11.827+0000] {logging_mixin.py:154} INFO - [2024-12-20T18:49:11.827+0000] {dag.py:3722} INFO - Setting next_dagrun for create_analytics_tables to 2024-12-19T00:00:00+00:00, run_after=2024-12-20T00:00:00+00:00
[2024-12-20T18:49:11.859+0000] {processor.py:179} INFO - Processing /opt/airflow/dags/analytics_tables_dag.py took 0.190 seconds
[2024-12-20T18:49:41.908+0000] {processor.py:157} INFO - Started process (PID=61) to work on /opt/airflow/dags/analytics_tables_dag.py
[2024-12-20T18:49:41.911+0000] {processor.py:829} INFO - Processing file /opt/airflow/dags/analytics_tables_dag.py for tasks to queue
[2024-12-20T18:49:41.913+0000] {logging_mixin.py:154} INFO - [2024-12-20T18:49:41.912+0000] {dagbag.py:536} INFO - Filling up the DagBag from /opt/airflow/dags/analytics_tables_dag.py
[2024-12-20T18:49:41.946+0000] {processor.py:839} INFO - DAG(s) dict_keys(['create_analytics_tables']) retrieved from /opt/airflow/dags/analytics_tables_dag.py
[2024-12-20T19:03:51.398+0000] {processor.py:157} INFO - Started process (PID=27) to work on /opt/airflow/dags/analytics_tables_dag.py
[2024-12-20T19:03:51.400+0000] {processor.py:829} INFO - Processing file /opt/airflow/dags/analytics_tables_dag.py for tasks to queue
[2024-12-20T19:03:51.401+0000] {logging_mixin.py:154} INFO - [2024-12-20T19:03:51.401+0000] {dagbag.py:536} INFO - Filling up the DagBag from /opt/airflow/dags/analytics_tables_dag.py
[2024-12-20T19:03:51.425+0000] {processor.py:839} INFO - DAG(s) dict_keys(['create_analytics_tables']) retrieved from /opt/airflow/dags/analytics_tables_dag.py
[2024-12-20T19:03:51.497+0000] {logging_mixin.py:154} INFO - [2024-12-20T19:03:51.497+0000] {dag.py:2941} INFO - Sync 1 DAGs
[2024-12-20T19:03:51.536+0000] {logging_mixin.py:154} INFO - [2024-12-20T19:03:51.535+0000] {dag.py:3722} INFO - Setting next_dagrun for create_analytics_tables to 2024-12-19T00:00:00+00:00, run_after=2024-12-20T00:00:00+00:00
[2024-12-20T19:03:51.564+0000] {processor.py:179} INFO - Processing /opt/airflow/dags/analytics_tables_dag.py took 0.172 seconds
[2024-12-20T19:04:21.784+0000] {processor.py:157} INFO - Started process (PID=30) to work on /opt/airflow/dags/analytics_tables_dag.py
[2024-12-20T19:04:21.786+0000] {processor.py:829} INFO - Processing file /opt/airflow/dags/analytics_tables_dag.py for tasks to queue
[2024-12-20T19:04:21.787+0000] {logging_mixin.py:154} INFO - [2024-12-20T19:04:21.787+0000] {dagbag.py:536} INFO - Filling up the DagBag from /opt/airflow/dags/analytics_tables_dag.py
[2024-12-20T19:04:21.810+0000] {processor.py:839} INFO - DAG(s) dict_keys(['create_analytics_tables']) retrieved from /opt/airflow/dags/analytics_tables_dag.py
[2024-12-20T19:04:21.865+0000] {logging_mixin.py:154} INFO - [2024-12-20T19:04:21.864+0000] {dag.py:2941} INFO - Sync 1 DAGs
[2024-12-20T19:04:21.901+0000] {logging_mixin.py:154} INFO - [2024-12-20T19:04:21.900+0000] {dag.py:3722} INFO - Setting next_dagrun for create_analytics_tables to 2024-12-19T00:00:00+00:00, run_after=2024-12-20T00:00:00+00:00
[2024-12-20T19:04:21.930+0000] {processor.py:179} INFO - Processing /opt/airflow/dags/analytics_tables_dag.py took 0.152 seconds
[2024-12-20T19:04:52.123+0000] {processor.py:157} INFO - Started process (PID=33) to work on /opt/airflow/dags/analytics_tables_dag.py
[2024-12-20T19:04:52.125+0000] {processor.py:829} INFO - Processing file /opt/airflow/dags/analytics_tables_dag.py for tasks to queue
[2024-12-20T19:04:52.126+0000] {logging_mixin.py:154} INFO - [2024-12-20T19:04:52.126+0000] {dagbag.py:536} INFO - Filling up the DagBag from /opt/airflow/dags/analytics_tables_dag.py
[2024-12-20T19:04:52.153+0000] {processor.py:839} INFO - DAG(s) dict_keys(['create_analytics_tables']) retrieved from /opt/airflow/dags/analytics_tables_dag.py
[2024-12-20T19:04:52.214+0000] {logging_mixin.py:154} INFO - [2024-12-20T19:04:52.214+0000] {dag.py:2941} INFO - Sync 1 DAGs
[2024-12-20T19:04:52.257+0000] {logging_mixin.py:154} INFO - [2024-12-20T19:04:52.256+0000] {dag.py:3722} INFO - Setting next_dagrun for create_analytics_tables to 2024-12-19T00:00:00+00:00, run_after=2024-12-20T00:00:00+00:00
[2024-12-20T19:04:52.286+0000] {processor.py:179} INFO - Processing /opt/airflow/dags/analytics_tables_dag.py took 0.169 seconds
[2024-12-20T19:05:22.473+0000] {processor.py:157} INFO - Started process (PID=36) to work on /opt/airflow/dags/analytics_tables_dag.py
[2024-12-20T19:05:22.475+0000] {processor.py:829} INFO - Processing file /opt/airflow/dags/analytics_tables_dag.py for tasks to queue
[2024-12-20T19:05:22.477+0000] {logging_mixin.py:154} INFO - [2024-12-20T19:05:22.476+0000] {dagbag.py:536} INFO - Filling up the DagBag from /opt/airflow/dags/analytics_tables_dag.py
[2024-12-20T19:05:22.504+0000] {processor.py:839} INFO - DAG(s) dict_keys(['create_analytics_tables']) retrieved from /opt/airflow/dags/analytics_tables_dag.py
[2024-12-20T19:05:22.558+0000] {logging_mixin.py:154} INFO - [2024-12-20T19:05:22.557+0000] {dag.py:2941} INFO - Sync 1 DAGs
[2024-12-20T19:05:22.606+0000] {logging_mixin.py:154} INFO - [2024-12-20T19:05:22.606+0000] {dag.py:3722} INFO - Setting next_dagrun for create_analytics_tables to 2024-12-19T00:00:00+00:00, run_after=2024-12-20T00:00:00+00:00
[2024-12-20T19:05:22.639+0000] {processor.py:179} INFO - Processing /opt/airflow/dags/analytics_tables_dag.py took 0.172 seconds
[2024-12-20T19:05:52.846+0000] {processor.py:157} INFO - Started process (PID=39) to work on /opt/airflow/dags/analytics_tables_dag.py
[2024-12-20T19:05:52.849+0000] {processor.py:829} INFO - Processing file /opt/airflow/dags/analytics_tables_dag.py for tasks to queue
[2024-12-20T19:05:52.850+0000] {logging_mixin.py:154} INFO - [2024-12-20T19:05:52.850+0000] {dagbag.py:536} INFO - Filling up the DagBag from /opt/airflow/dags/analytics_tables_dag.py
[2024-12-20T19:05:52.899+0000] {processor.py:839} INFO - DAG(s) dict_keys(['create_analytics_tables']) retrieved from /opt/airflow/dags/analytics_tables_dag.py
[2024-12-20T19:05:52.967+0000] {logging_mixin.py:154} INFO - [2024-12-20T19:05:52.967+0000] {dag.py:2941} INFO - Sync 1 DAGs
[2024-12-20T19:05:53.015+0000] {logging_mixin.py:154} INFO - [2024-12-20T19:05:53.015+0000] {dag.py:3722} INFO - Setting next_dagrun for create_analytics_tables to 2024-12-19T00:00:00+00:00, run_after=2024-12-20T00:00:00+00:00
[2024-12-20T19:05:53.055+0000] {processor.py:179} INFO - Processing /opt/airflow/dags/analytics_tables_dag.py took 0.218 seconds
[2024-12-20T19:06:24.048+0000] {processor.py:157} INFO - Started process (PID=42) to work on /opt/airflow/dags/analytics_tables_dag.py
[2024-12-20T19:06:24.050+0000] {processor.py:829} INFO - Processing file /opt/airflow/dags/analytics_tables_dag.py for tasks to queue
[2024-12-20T19:06:24.052+0000] {logging_mixin.py:154} INFO - [2024-12-20T19:06:24.051+0000] {dagbag.py:536} INFO - Filling up the DagBag from /opt/airflow/dags/analytics_tables_dag.py
[2024-12-20T19:06:24.078+0000] {processor.py:839} INFO - DAG(s) dict_keys(['create_analytics_tables']) retrieved from /opt/airflow/dags/analytics_tables_dag.py
[2024-12-20T19:06:24.126+0000] {logging_mixin.py:154} INFO - [2024-12-20T19:06:24.126+0000] {dag.py:2941} INFO - Sync 1 DAGs
[2024-12-20T19:06:24.167+0000] {logging_mixin.py:154} INFO - [2024-12-20T19:06:24.167+0000] {dag.py:3722} INFO - Setting next_dagrun for create_analytics_tables to 2024-12-19T00:00:00+00:00, run_after=2024-12-20T00:00:00+00:00
[2024-12-20T19:06:24.226+0000] {processor.py:179} INFO - Processing /opt/airflow/dags/analytics_tables_dag.py took 0.184 seconds
[2024-12-20T19:06:54.406+0000] {processor.py:157} INFO - Started process (PID=45) to work on /opt/airflow/dags/analytics_tables_dag.py
[2024-12-20T19:06:54.409+0000] {processor.py:829} INFO - Processing file /opt/airflow/dags/analytics_tables_dag.py for tasks to queue
[2024-12-20T19:06:54.411+0000] {logging_mixin.py:154} INFO - [2024-12-20T19:06:54.411+0000] {dagbag.py:536} INFO - Filling up the DagBag from /opt/airflow/dags/analytics_tables_dag.py
[2024-12-20T19:06:54.442+0000] {processor.py:839} INFO - DAG(s) dict_keys(['create_analytics_tables']) retrieved from /opt/airflow/dags/analytics_tables_dag.py
[2024-12-20T19:06:54.497+0000] {logging_mixin.py:154} INFO - [2024-12-20T19:06:54.496+0000] {dag.py:2941} INFO - Sync 1 DAGs
[2024-12-20T19:06:54.546+0000] {logging_mixin.py:154} INFO - [2024-12-20T19:06:54.545+0000] {dag.py:3722} INFO - Setting next_dagrun for create_analytics_tables to 2024-12-19T00:00:00+00:00, run_after=2024-12-20T00:00:00+00:00
[2024-12-20T19:06:54.582+0000] {processor.py:179} INFO - Processing /opt/airflow/dags/analytics_tables_dag.py took 0.183 seconds
[2024-12-20T19:07:24.768+0000] {processor.py:157} INFO - Started process (PID=48) to work on /opt/airflow/dags/analytics_tables_dag.py
[2024-12-20T19:07:24.771+0000] {processor.py:829} INFO - Processing file /opt/airflow/dags/analytics_tables_dag.py for tasks to queue
[2024-12-20T19:07:24.772+0000] {logging_mixin.py:154} INFO - [2024-12-20T19:07:24.772+0000] {dagbag.py:536} INFO - Filling up the DagBag from /opt/airflow/dags/analytics_tables_dag.py
[2024-12-20T19:07:24.805+0000] {processor.py:839} INFO - DAG(s) dict_keys(['create_analytics_tables']) retrieved from /opt/airflow/dags/analytics_tables_dag.py
[2024-12-20T19:07:24.866+0000] {logging_mixin.py:154} INFO - [2024-12-20T19:07:24.865+0000] {dag.py:2941} INFO - Sync 1 DAGs
[2024-12-20T19:07:24.921+0000] {logging_mixin.py:154} INFO - [2024-12-20T19:07:24.921+0000] {dag.py:3722} INFO - Setting next_dagrun for create_analytics_tables to 2024-12-19T00:00:00+00:00, run_after=2024-12-20T00:00:00+00:00
[2024-12-20T19:07:24.972+0000] {processor.py:179} INFO - Processing /opt/airflow/dags/analytics_tables_dag.py took 0.211 seconds
[2024-12-20T19:07:55.168+0000] {processor.py:157} INFO - Started process (PID=51) to work on /opt/airflow/dags/analytics_tables_dag.py
[2024-12-20T19:07:55.170+0000] {processor.py:829} INFO - Processing file /opt/airflow/dags/analytics_tables_dag.py for tasks to queue
[2024-12-20T19:07:55.172+0000] {logging_mixin.py:154} INFO - [2024-12-20T19:07:55.171+0000] {dagbag.py:536} INFO - Filling up the DagBag from /opt/airflow/dags/analytics_tables_dag.py
[2024-12-20T19:07:55.197+0000] {processor.py:839} INFO - DAG(s) dict_keys(['create_analytics_tables']) retrieved from /opt/airflow/dags/analytics_tables_dag.py
[2024-12-20T19:07:55.245+0000] {logging_mixin.py:154} INFO - [2024-12-20T19:07:55.245+0000] {dag.py:2941} INFO - Sync 1 DAGs
[2024-12-20T19:07:55.288+0000] {logging_mixin.py:154} INFO - [2024-12-20T19:07:55.288+0000] {dag.py:3722} INFO - Setting next_dagrun for create_analytics_tables to 2024-12-19T00:00:00+00:00, run_after=2024-12-20T00:00:00+00:00
[2024-12-20T19:07:55.319+0000] {processor.py:179} INFO - Processing /opt/airflow/dags/analytics_tables_dag.py took 0.160 seconds
