[2024-12-20T18:44:05.803+0000] {processor.py:157} INFO - Started process (PID=27) to work on /opt/airflow/dags/data_load_dag.py
[2024-12-20T18:44:05.805+0000] {processor.py:829} INFO - Processing file /opt/airflow/dags/data_load_dag.py for tasks to queue
[2024-12-20T18:44:05.807+0000] {logging_mixin.py:154} INFO - [2024-12-20T18:44:05.806+0000] {dagbag.py:536} INFO - Filling up the DagBag from /opt/airflow/dags/data_load_dag.py
[2024-12-20T18:44:07.782+0000] {processor.py:839} INFO - DAG(s) dict_keys(['load_ecommerce_data']) retrieved from /opt/airflow/dags/data_load_dag.py
[2024-12-20T18:44:07.963+0000] {logging_mixin.py:154} INFO - [2024-12-20T18:44:07.963+0000] {manager.py:499} INFO - Created Permission View: %s
[2024-12-20T18:44:07.986+0000] {logging_mixin.py:154} INFO - [2024-12-20T18:44:07.985+0000] {manager.py:499} INFO - Created Permission View: %s
[2024-12-20T18:44:07.996+0000] {logging_mixin.py:154} INFO - [2024-12-20T18:44:07.995+0000] {manager.py:499} INFO - Created Permission View: %s
[2024-12-20T18:44:07.996+0000] {logging_mixin.py:154} INFO - [2024-12-20T18:44:07.996+0000] {dag.py:2941} INFO - Sync 1 DAGs
[2024-12-20T18:44:08.014+0000] {logging_mixin.py:154} INFO - [2024-12-20T18:44:08.013+0000] {dag.py:2963} INFO - Creating ORM DAG for load_ecommerce_data
[2024-12-20T18:44:08.039+0000] {logging_mixin.py:154} INFO - [2024-12-20T18:44:08.038+0000] {dag.py:3722} INFO - Setting next_dagrun for load_ecommerce_data to 2024-12-19T00:00:00+00:00, run_after=2024-12-20T00:00:00+00:00
[2024-12-20T18:44:08.068+0000] {processor.py:179} INFO - Processing /opt/airflow/dags/data_load_dag.py took 2.272 seconds
[2024-12-20T18:44:38.314+0000] {processor.py:157} INFO - Started process (PID=30) to work on /opt/airflow/dags/data_load_dag.py
[2024-12-20T18:44:38.317+0000] {processor.py:829} INFO - Processing file /opt/airflow/dags/data_load_dag.py for tasks to queue
[2024-12-20T18:44:38.318+0000] {logging_mixin.py:154} INFO - [2024-12-20T18:44:38.318+0000] {dagbag.py:536} INFO - Filling up the DagBag from /opt/airflow/dags/data_load_dag.py
[2024-12-20T18:44:39.742+0000] {processor.py:839} INFO - DAG(s) dict_keys(['load_ecommerce_data']) retrieved from /opt/airflow/dags/data_load_dag.py
[2024-12-20T18:44:39.827+0000] {logging_mixin.py:154} INFO - [2024-12-20T18:44:39.826+0000] {dag.py:2941} INFO - Sync 1 DAGs
[2024-12-20T18:44:39.895+0000] {logging_mixin.py:154} INFO - [2024-12-20T18:44:39.893+0000] {dag.py:3722} INFO - Setting next_dagrun for load_ecommerce_data to 2024-12-19T00:00:00+00:00, run_after=2024-12-20T00:00:00+00:00
[2024-12-20T18:44:39.944+0000] {processor.py:179} INFO - Processing /opt/airflow/dags/data_load_dag.py took 1.640 seconds
[2024-12-20T18:45:10.140+0000] {processor.py:157} INFO - Started process (PID=33) to work on /opt/airflow/dags/data_load_dag.py
[2024-12-20T18:45:10.145+0000] {processor.py:829} INFO - Processing file /opt/airflow/dags/data_load_dag.py for tasks to queue
[2024-12-20T18:45:10.148+0000] {logging_mixin.py:154} INFO - [2024-12-20T18:45:10.147+0000] {dagbag.py:536} INFO - Filling up the DagBag from /opt/airflow/dags/data_load_dag.py
[2024-12-20T18:45:11.711+0000] {processor.py:839} INFO - DAG(s) dict_keys(['load_ecommerce_data']) retrieved from /opt/airflow/dags/data_load_dag.py
[2024-12-20T18:45:11.803+0000] {logging_mixin.py:154} INFO - [2024-12-20T18:45:11.800+0000] {dag.py:2941} INFO - Sync 1 DAGs
[2024-12-20T18:45:11.876+0000] {logging_mixin.py:154} INFO - [2024-12-20T18:45:11.876+0000] {dag.py:3722} INFO - Setting next_dagrun for load_ecommerce_data to 2024-12-19T00:00:00+00:00, run_after=2024-12-20T00:00:00+00:00
[2024-12-20T18:45:11.940+0000] {processor.py:179} INFO - Processing /opt/airflow/dags/data_load_dag.py took 1.817 seconds
[2024-12-20T18:45:42.202+0000] {processor.py:157} INFO - Started process (PID=36) to work on /opt/airflow/dags/data_load_dag.py
[2024-12-20T18:45:42.206+0000] {processor.py:829} INFO - Processing file /opt/airflow/dags/data_load_dag.py for tasks to queue
[2024-12-20T18:45:42.208+0000] {logging_mixin.py:154} INFO - [2024-12-20T18:45:42.207+0000] {dagbag.py:536} INFO - Filling up the DagBag from /opt/airflow/dags/data_load_dag.py
[2024-12-20T18:45:43.961+0000] {processor.py:839} INFO - DAG(s) dict_keys(['load_ecommerce_data']) retrieved from /opt/airflow/dags/data_load_dag.py
[2024-12-20T18:45:44.020+0000] {logging_mixin.py:154} INFO - [2024-12-20T18:45:44.018+0000] {dag.py:2941} INFO - Sync 1 DAGs
[2024-12-20T18:45:44.069+0000] {logging_mixin.py:154} INFO - [2024-12-20T18:45:44.069+0000] {dag.py:3722} INFO - Setting next_dagrun for load_ecommerce_data to 2024-12-19T00:00:00+00:00, run_after=2024-12-20T00:00:00+00:00
[2024-12-20T18:45:44.110+0000] {processor.py:179} INFO - Processing /opt/airflow/dags/data_load_dag.py took 1.922 seconds
[2024-12-20T18:46:14.647+0000] {processor.py:157} INFO - Started process (PID=39) to work on /opt/airflow/dags/data_load_dag.py
[2024-12-20T18:46:14.649+0000] {processor.py:829} INFO - Processing file /opt/airflow/dags/data_load_dag.py for tasks to queue
[2024-12-20T18:46:14.650+0000] {logging_mixin.py:154} INFO - [2024-12-20T18:46:14.650+0000] {dagbag.py:536} INFO - Filling up the DagBag from /opt/airflow/dags/data_load_dag.py
[2024-12-20T18:46:15.450+0000] {processor.py:839} INFO - DAG(s) dict_keys(['load_ecommerce_data']) retrieved from /opt/airflow/dags/data_load_dag.py
[2024-12-20T18:46:15.499+0000] {logging_mixin.py:154} INFO - [2024-12-20T18:46:15.499+0000] {dag.py:2941} INFO - Sync 1 DAGs
[2024-12-20T18:46:15.548+0000] {logging_mixin.py:154} INFO - [2024-12-20T18:46:15.547+0000] {dag.py:3722} INFO - Setting next_dagrun for load_ecommerce_data to 2024-12-19T00:00:00+00:00, run_after=2024-12-20T00:00:00+00:00
[2024-12-20T18:46:15.595+0000] {processor.py:179} INFO - Processing /opt/airflow/dags/data_load_dag.py took 0.954 seconds
[2024-12-20T18:46:46.004+0000] {processor.py:157} INFO - Started process (PID=42) to work on /opt/airflow/dags/data_load_dag.py
[2024-12-20T18:46:46.006+0000] {processor.py:829} INFO - Processing file /opt/airflow/dags/data_load_dag.py for tasks to queue
[2024-12-20T18:46:46.007+0000] {logging_mixin.py:154} INFO - [2024-12-20T18:46:46.006+0000] {dagbag.py:536} INFO - Filling up the DagBag from /opt/airflow/dags/data_load_dag.py
[2024-12-20T18:46:46.778+0000] {processor.py:839} INFO - DAG(s) dict_keys(['load_ecommerce_data']) retrieved from /opt/airflow/dags/data_load_dag.py
[2024-12-20T18:46:46.819+0000] {logging_mixin.py:154} INFO - [2024-12-20T18:46:46.818+0000] {dag.py:2941} INFO - Sync 1 DAGs
[2024-12-20T18:46:46.865+0000] {logging_mixin.py:154} INFO - [2024-12-20T18:46:46.865+0000] {dag.py:3722} INFO - Setting next_dagrun for load_ecommerce_data to 2024-12-19T00:00:00+00:00, run_after=2024-12-20T00:00:00+00:00
[2024-12-20T18:46:46.897+0000] {processor.py:179} INFO - Processing /opt/airflow/dags/data_load_dag.py took 0.900 seconds
[2024-12-20T18:47:17.391+0000] {processor.py:157} INFO - Started process (PID=45) to work on /opt/airflow/dags/data_load_dag.py
[2024-12-20T18:47:17.393+0000] {processor.py:829} INFO - Processing file /opt/airflow/dags/data_load_dag.py for tasks to queue
[2024-12-20T18:47:17.395+0000] {logging_mixin.py:154} INFO - [2024-12-20T18:47:17.394+0000] {dagbag.py:536} INFO - Filling up the DagBag from /opt/airflow/dags/data_load_dag.py
[2024-12-20T18:47:18.235+0000] {processor.py:839} INFO - DAG(s) dict_keys(['load_ecommerce_data']) retrieved from /opt/airflow/dags/data_load_dag.py
[2024-12-20T18:47:18.280+0000] {logging_mixin.py:154} INFO - [2024-12-20T18:47:18.279+0000] {dag.py:2941} INFO - Sync 1 DAGs
[2024-12-20T18:47:18.325+0000] {logging_mixin.py:154} INFO - [2024-12-20T18:47:18.324+0000] {dag.py:3722} INFO - Setting next_dagrun for load_ecommerce_data to 2024-12-19T00:00:00+00:00, run_after=2024-12-20T00:00:00+00:00
[2024-12-20T18:47:18.353+0000] {processor.py:179} INFO - Processing /opt/airflow/dags/data_load_dag.py took 0.970 seconds
[2024-12-20T18:47:48.774+0000] {processor.py:157} INFO - Started process (PID=48) to work on /opt/airflow/dags/data_load_dag.py
[2024-12-20T18:47:48.776+0000] {processor.py:829} INFO - Processing file /opt/airflow/dags/data_load_dag.py for tasks to queue
[2024-12-20T18:47:48.778+0000] {logging_mixin.py:154} INFO - [2024-12-20T18:47:48.778+0000] {dagbag.py:536} INFO - Filling up the DagBag from /opt/airflow/dags/data_load_dag.py
[2024-12-20T18:47:49.662+0000] {processor.py:839} INFO - DAG(s) dict_keys(['load_ecommerce_data']) retrieved from /opt/airflow/dags/data_load_dag.py
[2024-12-20T18:47:49.705+0000] {logging_mixin.py:154} INFO - [2024-12-20T18:47:49.704+0000] {dag.py:2941} INFO - Sync 1 DAGs
[2024-12-20T18:47:49.748+0000] {logging_mixin.py:154} INFO - [2024-12-20T18:47:49.748+0000] {dag.py:3722} INFO - Setting next_dagrun for load_ecommerce_data to 2024-12-19T00:00:00+00:00, run_after=2024-12-20T00:00:00+00:00
[2024-12-20T18:47:49.780+0000] {processor.py:179} INFO - Processing /opt/airflow/dags/data_load_dag.py took 1.014 seconds
[2024-12-20T18:48:19.981+0000] {processor.py:157} INFO - Started process (PID=51) to work on /opt/airflow/dags/data_load_dag.py
[2024-12-20T18:48:19.983+0000] {processor.py:829} INFO - Processing file /opt/airflow/dags/data_load_dag.py for tasks to queue
[2024-12-20T18:48:19.985+0000] {logging_mixin.py:154} INFO - [2024-12-20T18:48:19.984+0000] {dagbag.py:536} INFO - Filling up the DagBag from /opt/airflow/dags/data_load_dag.py
[2024-12-20T18:48:20.740+0000] {processor.py:839} INFO - DAG(s) dict_keys(['load_ecommerce_data']) retrieved from /opt/airflow/dags/data_load_dag.py
[2024-12-20T18:48:20.780+0000] {logging_mixin.py:154} INFO - [2024-12-20T18:48:20.779+0000] {dag.py:2941} INFO - Sync 1 DAGs
[2024-12-20T18:48:20.823+0000] {logging_mixin.py:154} INFO - [2024-12-20T18:48:20.823+0000] {dag.py:3722} INFO - Setting next_dagrun for load_ecommerce_data to 2024-12-19T00:00:00+00:00, run_after=2024-12-20T00:00:00+00:00
[2024-12-20T18:48:20.852+0000] {processor.py:179} INFO - Processing /opt/airflow/dags/data_load_dag.py took 0.878 seconds
[2024-12-20T18:48:51.322+0000] {processor.py:157} INFO - Started process (PID=54) to work on /opt/airflow/dags/data_load_dag.py
[2024-12-20T18:48:51.324+0000] {processor.py:829} INFO - Processing file /opt/airflow/dags/data_load_dag.py for tasks to queue
[2024-12-20T18:48:51.326+0000] {logging_mixin.py:154} INFO - [2024-12-20T18:48:51.325+0000] {dagbag.py:536} INFO - Filling up the DagBag from /opt/airflow/dags/data_load_dag.py
[2024-12-20T18:48:52.145+0000] {processor.py:839} INFO - DAG(s) dict_keys(['load_ecommerce_data']) retrieved from /opt/airflow/dags/data_load_dag.py
[2024-12-20T18:48:52.194+0000] {logging_mixin.py:154} INFO - [2024-12-20T18:48:52.193+0000] {dag.py:2941} INFO - Sync 1 DAGs
[2024-12-20T18:48:52.233+0000] {logging_mixin.py:154} INFO - [2024-12-20T18:48:52.232+0000] {dag.py:3722} INFO - Setting next_dagrun for load_ecommerce_data to 2024-12-19T00:00:00+00:00, run_after=2024-12-20T00:00:00+00:00
[2024-12-20T18:48:52.273+0000] {processor.py:179} INFO - Processing /opt/airflow/dags/data_load_dag.py took 0.957 seconds
[2024-12-20T18:49:22.827+0000] {processor.py:157} INFO - Started process (PID=58) to work on /opt/airflow/dags/data_load_dag.py
[2024-12-20T18:49:22.828+0000] {processor.py:829} INFO - Processing file /opt/airflow/dags/data_load_dag.py for tasks to queue
[2024-12-20T18:49:22.830+0000] {logging_mixin.py:154} INFO - [2024-12-20T18:49:22.829+0000] {dagbag.py:536} INFO - Filling up the DagBag from /opt/airflow/dags/data_load_dag.py
[2024-12-20T18:49:23.607+0000] {processor.py:839} INFO - DAG(s) dict_keys(['load_ecommerce_data']) retrieved from /opt/airflow/dags/data_load_dag.py
[2024-12-20T18:49:23.655+0000] {logging_mixin.py:154} INFO - [2024-12-20T18:49:23.654+0000] {dag.py:2941} INFO - Sync 1 DAGs
[2024-12-20T18:49:23.692+0000] {logging_mixin.py:154} INFO - [2024-12-20T18:49:23.692+0000] {dag.py:3722} INFO - Setting next_dagrun for load_ecommerce_data to 2024-12-19T00:00:00+00:00, run_after=2024-12-20T00:00:00+00:00
[2024-12-20T18:49:23.731+0000] {processor.py:179} INFO - Processing /opt/airflow/dags/data_load_dag.py took 0.912 seconds
[2024-12-20T19:03:51.602+0000] {processor.py:157} INFO - Started process (PID=28) to work on /opt/airflow/dags/data_load_dag.py
[2024-12-20T19:03:51.604+0000] {processor.py:829} INFO - Processing file /opt/airflow/dags/data_load_dag.py for tasks to queue
[2024-12-20T19:03:51.606+0000] {logging_mixin.py:154} INFO - [2024-12-20T19:03:51.605+0000] {dagbag.py:536} INFO - Filling up the DagBag from /opt/airflow/dags/data_load_dag.py
[2024-12-20T19:03:52.193+0000] {processor.py:839} INFO - DAG(s) dict_keys(['load_ecommerce_data']) retrieved from /opt/airflow/dags/data_load_dag.py
[2024-12-20T19:03:52.247+0000] {logging_mixin.py:154} INFO - [2024-12-20T19:03:52.246+0000] {dag.py:2941} INFO - Sync 1 DAGs
[2024-12-20T19:03:52.596+0000] {logging_mixin.py:154} INFO - [2024-12-20T19:03:52.596+0000] {dag.py:3722} INFO - Setting next_dagrun for load_ecommerce_data to 2024-12-19T00:00:00+00:00, run_after=2024-12-20T00:00:00+00:00
[2024-12-20T19:03:52.631+0000] {processor.py:179} INFO - Processing /opt/airflow/dags/data_load_dag.py took 1.036 seconds
[2024-12-20T19:04:22.818+0000] {processor.py:157} INFO - Started process (PID=31) to work on /opt/airflow/dags/data_load_dag.py
[2024-12-20T19:04:22.819+0000] {processor.py:829} INFO - Processing file /opt/airflow/dags/data_load_dag.py for tasks to queue
[2024-12-20T19:04:22.821+0000] {logging_mixin.py:154} INFO - [2024-12-20T19:04:22.820+0000] {dagbag.py:536} INFO - Filling up the DagBag from /opt/airflow/dags/data_load_dag.py
[2024-12-20T19:04:23.300+0000] {processor.py:839} INFO - DAG(s) dict_keys(['load_ecommerce_data']) retrieved from /opt/airflow/dags/data_load_dag.py
[2024-12-20T19:04:23.640+0000] {logging_mixin.py:154} INFO - [2024-12-20T19:04:23.639+0000] {dag.py:2941} INFO - Sync 1 DAGs
[2024-12-20T19:04:23.682+0000] {logging_mixin.py:154} INFO - [2024-12-20T19:04:23.681+0000] {dag.py:3722} INFO - Setting next_dagrun for load_ecommerce_data to 2024-12-19T00:00:00+00:00, run_after=2024-12-20T00:00:00+00:00
[2024-12-20T19:04:23.709+0000] {processor.py:179} INFO - Processing /opt/airflow/dags/data_load_dag.py took 0.897 seconds
[2024-12-20T19:04:54.144+0000] {processor.py:157} INFO - Started process (PID=34) to work on /opt/airflow/dags/data_load_dag.py
[2024-12-20T19:04:54.146+0000] {processor.py:829} INFO - Processing file /opt/airflow/dags/data_load_dag.py for tasks to queue
[2024-12-20T19:04:54.148+0000] {logging_mixin.py:154} INFO - [2024-12-20T19:04:54.147+0000] {dagbag.py:536} INFO - Filling up the DagBag from /opt/airflow/dags/data_load_dag.py
[2024-12-20T19:04:54.912+0000] {processor.py:839} INFO - DAG(s) dict_keys(['load_ecommerce_data']) retrieved from /opt/airflow/dags/data_load_dag.py
[2024-12-20T19:04:54.962+0000] {logging_mixin.py:154} INFO - [2024-12-20T19:04:54.962+0000] {dag.py:2941} INFO - Sync 1 DAGs
[2024-12-20T19:04:54.999+0000] {logging_mixin.py:154} INFO - [2024-12-20T19:04:54.999+0000] {dag.py:3722} INFO - Setting next_dagrun for load_ecommerce_data to 2024-12-19T00:00:00+00:00, run_after=2024-12-20T00:00:00+00:00
[2024-12-20T19:04:55.040+0000] {processor.py:179} INFO - Processing /opt/airflow/dags/data_load_dag.py took 0.902 seconds
[2024-12-20T19:05:25.500+0000] {processor.py:157} INFO - Started process (PID=37) to work on /opt/airflow/dags/data_load_dag.py
[2024-12-20T19:05:25.502+0000] {processor.py:829} INFO - Processing file /opt/airflow/dags/data_load_dag.py for tasks to queue
[2024-12-20T19:05:25.504+0000] {logging_mixin.py:154} INFO - [2024-12-20T19:05:25.503+0000] {dagbag.py:536} INFO - Filling up the DagBag from /opt/airflow/dags/data_load_dag.py
[2024-12-20T19:05:26.026+0000] {processor.py:839} INFO - DAG(s) dict_keys(['load_ecommerce_data']) retrieved from /opt/airflow/dags/data_load_dag.py
[2024-12-20T19:05:26.085+0000] {logging_mixin.py:154} INFO - [2024-12-20T19:05:26.084+0000] {dag.py:2941} INFO - Sync 1 DAGs
[2024-12-20T19:05:26.135+0000] {logging_mixin.py:154} INFO - [2024-12-20T19:05:26.135+0000] {dag.py:3722} INFO - Setting next_dagrun for load_ecommerce_data to 2024-12-19T00:00:00+00:00, run_after=2024-12-20T00:00:00+00:00
[2024-12-20T19:05:26.174+0000] {processor.py:179} INFO - Processing /opt/airflow/dags/data_load_dag.py took 0.681 seconds
[2024-12-20T19:05:56.874+0000] {processor.py:157} INFO - Started process (PID=40) to work on /opt/airflow/dags/data_load_dag.py
[2024-12-20T19:05:56.876+0000] {processor.py:829} INFO - Processing file /opt/airflow/dags/data_load_dag.py for tasks to queue
[2024-12-20T19:05:56.878+0000] {logging_mixin.py:154} INFO - [2024-12-20T19:05:56.877+0000] {dagbag.py:536} INFO - Filling up the DagBag from /opt/airflow/dags/data_load_dag.py
[2024-12-20T19:05:57.389+0000] {processor.py:839} INFO - DAG(s) dict_keys(['load_ecommerce_data']) retrieved from /opt/airflow/dags/data_load_dag.py
[2024-12-20T19:05:57.466+0000] {logging_mixin.py:154} INFO - [2024-12-20T19:05:57.464+0000] {dag.py:2941} INFO - Sync 1 DAGs
[2024-12-20T19:05:57.880+0000] {logging_mixin.py:154} INFO - [2024-12-20T19:05:57.879+0000] {dag.py:3722} INFO - Setting next_dagrun for load_ecommerce_data to 2024-12-19T00:00:00+00:00, run_after=2024-12-20T00:00:00+00:00
[2024-12-20T19:05:57.913+0000] {processor.py:179} INFO - Processing /opt/airflow/dags/data_load_dag.py took 1.046 seconds
[2024-12-20T19:06:28.109+0000] {processor.py:157} INFO - Started process (PID=43) to work on /opt/airflow/dags/data_load_dag.py
[2024-12-20T19:06:28.112+0000] {processor.py:829} INFO - Processing file /opt/airflow/dags/data_load_dag.py for tasks to queue
[2024-12-20T19:06:28.113+0000] {logging_mixin.py:154} INFO - [2024-12-20T19:06:28.113+0000] {dagbag.py:536} INFO - Filling up the DagBag from /opt/airflow/dags/data_load_dag.py
[2024-12-20T19:06:28.597+0000] {processor.py:839} INFO - DAG(s) dict_keys(['load_ecommerce_data']) retrieved from /opt/airflow/dags/data_load_dag.py
[2024-12-20T19:06:28.643+0000] {logging_mixin.py:154} INFO - [2024-12-20T19:06:28.642+0000] {dag.py:2941} INFO - Sync 1 DAGs
[2024-12-20T19:06:28.967+0000] {logging_mixin.py:154} INFO - [2024-12-20T19:06:28.967+0000] {dag.py:3722} INFO - Setting next_dagrun for load_ecommerce_data to 2024-12-19T00:00:00+00:00, run_after=2024-12-20T00:00:00+00:00
[2024-12-20T19:06:29.002+0000] {processor.py:179} INFO - Processing /opt/airflow/dags/data_load_dag.py took 0.899 seconds
[2024-12-20T19:06:59.438+0000] {processor.py:157} INFO - Started process (PID=46) to work on /opt/airflow/dags/data_load_dag.py
[2024-12-20T19:06:59.441+0000] {processor.py:829} INFO - Processing file /opt/airflow/dags/data_load_dag.py for tasks to queue
[2024-12-20T19:06:59.442+0000] {logging_mixin.py:154} INFO - [2024-12-20T19:06:59.442+0000] {dagbag.py:536} INFO - Filling up the DagBag from /opt/airflow/dags/data_load_dag.py
[2024-12-20T19:06:59.934+0000] {processor.py:839} INFO - DAG(s) dict_keys(['load_ecommerce_data']) retrieved from /opt/airflow/dags/data_load_dag.py
[2024-12-20T19:06:59.996+0000] {logging_mixin.py:154} INFO - [2024-12-20T19:06:59.995+0000] {dag.py:2941} INFO - Sync 1 DAGs
[2024-12-20T19:07:00.328+0000] {logging_mixin.py:154} INFO - [2024-12-20T19:07:00.328+0000] {dag.py:3722} INFO - Setting next_dagrun for load_ecommerce_data to 2024-12-19T00:00:00+00:00, run_after=2024-12-20T00:00:00+00:00
[2024-12-20T19:07:00.353+0000] {processor.py:179} INFO - Processing /opt/airflow/dags/data_load_dag.py took 0.922 seconds
[2024-12-20T19:07:30.813+0000] {processor.py:157} INFO - Started process (PID=49) to work on /opt/airflow/dags/data_load_dag.py
[2024-12-20T19:07:30.816+0000] {processor.py:829} INFO - Processing file /opt/airflow/dags/data_load_dag.py for tasks to queue
[2024-12-20T19:07:30.818+0000] {logging_mixin.py:154} INFO - [2024-12-20T19:07:30.817+0000] {dagbag.py:536} INFO - Filling up the DagBag from /opt/airflow/dags/data_load_dag.py
[2024-12-20T19:07:31.389+0000] {processor.py:839} INFO - DAG(s) dict_keys(['load_ecommerce_data']) retrieved from /opt/airflow/dags/data_load_dag.py
[2024-12-20T19:07:31.702+0000] {logging_mixin.py:154} INFO - [2024-12-20T19:07:31.701+0000] {dag.py:2941} INFO - Sync 1 DAGs
[2024-12-20T19:07:31.740+0000] {logging_mixin.py:154} INFO - [2024-12-20T19:07:31.739+0000] {dag.py:3722} INFO - Setting next_dagrun for load_ecommerce_data to 2024-12-19T00:00:00+00:00, run_after=2024-12-20T00:00:00+00:00
[2024-12-20T19:07:31.762+0000] {processor.py:179} INFO - Processing /opt/airflow/dags/data_load_dag.py took 0.957 seconds
[2024-12-20T19:08:02.219+0000] {processor.py:157} INFO - Started process (PID=52) to work on /opt/airflow/dags/data_load_dag.py
[2024-12-20T19:08:02.221+0000] {processor.py:829} INFO - Processing file /opt/airflow/dags/data_load_dag.py for tasks to queue
[2024-12-20T19:08:02.223+0000] {logging_mixin.py:154} INFO - [2024-12-20T19:08:02.222+0000] {dagbag.py:536} INFO - Filling up the DagBag from /opt/airflow/dags/data_load_dag.py
[2024-12-20T19:08:02.982+0000] {processor.py:839} INFO - DAG(s) dict_keys(['load_ecommerce_data']) retrieved from /opt/airflow/dags/data_load_dag.py
[2024-12-20T19:08:03.023+0000] {logging_mixin.py:154} INFO - [2024-12-20T19:08:03.022+0000] {dag.py:2941} INFO - Sync 1 DAGs
[2024-12-20T19:08:03.059+0000] {logging_mixin.py:154} INFO - [2024-12-20T19:08:03.058+0000] {dag.py:3722} INFO - Setting next_dagrun for load_ecommerce_data to 2024-12-19T00:00:00+00:00, run_after=2024-12-20T00:00:00+00:00
[2024-12-20T19:08:03.095+0000] {processor.py:179} INFO - Processing /opt/airflow/dags/data_load_dag.py took 0.883 seconds
